{"F:\\Proyectos\\Cenfotec\\FRO-02-Javascript\\Curso-Javascript\\Clases\\Clase 9\\node\\ejemplos.js": {"path":"F:\\Proyectos\\Cenfotec\\FRO-02-Javascript\\Curso-Javascript\\Clases\\Clase 9\\node\\ejemplos.js","statementMap":{"0":{"start":{"line":2,"column":2},"end":{"line":2,"column":23}},"1":{"start":{"line":6,"column":2},"end":{"line":6,"column":58}},"2":{"start":{"line":10,"column":2},"end":{"line":10,"column":20}},"3":{"start":{"line":14,"column":20},"end":{"line":14,"column":22}},"4":{"start":{"line":15,"column":2},"end":{"line":21,"column":3}},"5":{"start":{"line":15,"column":15},"end":{"line":15,"column":16}},"6":{"start":{"line":16,"column":4},"end":{"line":20,"column":5}},"7":{"start":{"line":17,"column":6},"end":{"line":19,"column":7}},"8":{"start":{"line":18,"column":8},"end":{"line":18,"column":32}},"9":{"start":{"line":23,"column":2},"end":{"line":23,"column":19}},"10":{"start":{"line":27,"column":2},"end":{"line":27,"column":49}},"11":{"start":{"line":27,"column":28},"end":{"line":27,"column":47}},"12":{"start":{"line":30,"column":0},"end":{"line":36,"column":2}}},"fnMap":{"0":{"name":"esStringVacio","decl":{"start":{"line":1,"column":9},"end":{"line":1,"column":22}},"loc":{"start":{"line":1,"column":31},"end":{"line":3,"column":1}},"line":1},"1":{"name":"mayuscula","decl":{"start":{"line":5,"column":9},"end":{"line":5,"column":18}},"loc":{"start":{"line":5,"column":27},"end":{"line":7,"column":1}},"line":5},"2":{"name":"borrarAtributo","decl":{"start":{"line":9,"column":9},"end":{"line":9,"column":23}},"loc":{"start":{"line":9,"column":36},"end":{"line":11,"column":1}},"line":9},"3":{"name":"interseccion","decl":{"start":{"line":13,"column":9},"end":{"line":13,"column":21}},"loc":{"start":{"line":13,"column":34},"end":{"line":24,"column":1}},"line":13},"4":{"name":"barajarArreglo","decl":{"start":{"line":26,"column":9},"end":{"line":26,"column":23}},"loc":{"start":{"line":26,"column":33},"end":{"line":28,"column":1}},"line":26},"5":{"name":"(anonymous_5)","decl":{"start":{"line":27,"column":22},"end":{"line":27,"column":23}},"loc":{"start":{"line":27,"column":28},"end":{"line":27,"column":47}},"line":27}},"branchMap":{"0":{"loc":{"start":{"line":16,"column":4},"end":{"line":20,"column":5}},"type":"if","locations":[{"start":{"line":16,"column":4},"end":{"line":20,"column":5}},{"start":{"line":16,"column":4},"end":{"line":20,"column":5}}],"line":16},"1":{"loc":{"start":{"line":17,"column":6},"end":{"line":19,"column":7}},"type":"if","locations":[{"start":{"line":17,"column":6},"end":{"line":19,"column":7}},{"start":{"line":17,"column":6},"end":{"line":19,"column":7}}],"line":17},"2":{"loc":{"start":{"line":17,"column":10},"end":{"line":17,"column":64}},"type":"binary-expr","locations":[{"start":{"line":17,"column":10},"end":{"line":17,"column":32}},{"start":{"line":17,"column":36},"end":{"line":17,"column":64}}],"line":17}},"s":{"0":2,"1":1,"2":1,"3":3,"4":3,"5":3,"6":14,"7":10,"8":6,"9":3,"10":1,"11":5,"12":1},"f":{"0":2,"1":1,"2":1,"3":3,"4":1,"5":5},"b":{"0":[10,4],"1":[6,4],"2":[10,6]},"_coverageSchema":"1a1c01bbd47fc00a2c39e90264f33305004495a9","hash":"18f586e727dc852be5c8deea1681b3b01cf5752b"}
,"F:\\Proyectos\\Cenfotec\\FRO-02-Javascript\\Curso-Javascript\\Clases\\Clase 9\\node\\index.js": {"path":"F:\\Proyectos\\Cenfotec\\FRO-02-Javascript\\Curso-Javascript\\Clases\\Clase 9\\node\\index.js","statementMap":{"0":{"start":{"line":1,"column":16},"end":{"line":1,"column":34}},"1":{"start":{"line":2,"column":14},"end":{"line":2,"column":30}},"2":{"start":{"line":4,"column":12},"end":{"line":4,"column":21}},"3":{"start":{"line":8,"column":17},"end":{"line":22,"column":1}},"4":{"start":{"line":24,"column":0},"end":{"line":26,"column":3}},"5":{"start":{"line":25,"column":2},"end":{"line":25,"column":35}},"6":{"start":{"line":28,"column":0},"end":{"line":30,"column":3}},"7":{"start":{"line":29,"column":2},"end":{"line":29,"column":50}},"8":{"start":{"line":32,"column":0},"end":{"line":34,"column":3}},"9":{"start":{"line":33,"column":2},"end":{"line":33,"column":21}},"10":{"start":{"line":36,"column":0},"end":{"line":46,"column":3}},"11":{"start":{"line":37,"column":2},"end":{"line":45,"column":3}},"12":{"start":{"line":38,"column":22},"end":{"line":40,"column":5}},"13":{"start":{"line":42,"column":4},"end":{"line":42,"column":29}},"14":{"start":{"line":44,"column":4},"end":{"line":44,"column":25}},"15":{"start":{"line":48,"column":0},"end":{"line":61,"column":3}},"16":{"start":{"line":49,"column":2},"end":{"line":60,"column":3}},"17":{"start":{"line":50,"column":15},"end":{"line":50,"column":28}},"18":{"start":{"line":51,"column":22},"end":{"line":53,"column":5}},"19":{"start":{"line":55,"column":24},"end":{"line":55,"column":68}},"20":{"start":{"line":55,"column":54},"end":{"line":55,"column":67}},"21":{"start":{"line":57,"column":4},"end":{"line":57,"column":26}},"22":{"start":{"line":59,"column":4},"end":{"line":59,"column":25}},"23":{"start":{"line":63,"column":0},"end":{"line":78,"column":3}},"24":{"start":{"line":64,"column":2},"end":{"line":77,"column":3}},"25":{"start":{"line":65,"column":15},"end":{"line":65,"column":28}},"26":{"start":{"line":66,"column":22},"end":{"line":68,"column":5}},"27":{"start":{"line":70,"column":24},"end":{"line":72,"column":5}},"28":{"start":{"line":71,"column":22},"end":{"line":71,"column":45}},"29":{"start":{"line":74,"column":4},"end":{"line":74,"column":26}},"30":{"start":{"line":76,"column":4},"end":{"line":76,"column":25}},"31":{"start":{"line":80,"column":0},"end":{"line":92,"column":3}},"32":{"start":{"line":81,"column":2},"end":{"line":91,"column":3}},"33":{"start":{"line":82,"column":30},"end":{"line":82,"column":40}},"34":{"start":{"line":84,"column":22},"end":{"line":86,"column":5}},"35":{"start":{"line":88,"column":4},"end":{"line":88,"column":29}},"36":{"start":{"line":90,"column":4},"end":{"line":90,"column":25}},"37":{"start":{"line":159,"column":0},"end":{"line":161,"column":3}},"38":{"start":{"line":160,"column":2},"end":{"line":160,"column":53}},"39":{"start":{"line":163,"column":0},"end":{"line":163,"column":21}}},"fnMap":{"0":{"name":"(anonymous_0)","decl":{"start":{"line":24,"column":13},"end":{"line":24,"column":14}},"loc":{"start":{"line":24,"column":27},"end":{"line":26,"column":1}},"line":24},"1":{"name":"(anonymous_1)","decl":{"start":{"line":28,"column":17},"end":{"line":28,"column":18}},"loc":{"start":{"line":28,"column":31},"end":{"line":30,"column":1}},"line":28},"2":{"name":"(anonymous_2)","decl":{"start":{"line":32,"column":21},"end":{"line":32,"column":22}},"loc":{"start":{"line":32,"column":33},"end":{"line":34,"column":1}},"line":32},"3":{"name":"(anonymous_3)","decl":{"start":{"line":36,"column":18},"end":{"line":36,"column":19}},"loc":{"start":{"line":36,"column":36},"end":{"line":46,"column":1}},"line":36},"4":{"name":"(anonymous_4)","decl":{"start":{"line":48,"column":22},"end":{"line":48,"column":23}},"loc":{"start":{"line":48,"column":42},"end":{"line":61,"column":1}},"line":48},"5":{"name":"(anonymous_5)","decl":{"start":{"line":55,"column":44},"end":{"line":55,"column":45}},"loc":{"start":{"line":55,"column":54},"end":{"line":55,"column":67}},"line":55},"6":{"name":"(anonymous_6)","decl":{"start":{"line":63,"column":31},"end":{"line":63,"column":32}},"loc":{"start":{"line":63,"column":51},"end":{"line":78,"column":1}},"line":63},"7":{"name":"(anonymous_7)","decl":{"start":{"line":71,"column":6},"end":{"line":71,"column":7}},"loc":{"start":{"line":71,"column":22},"end":{"line":71,"column":45}},"line":71},"8":{"name":"(anonymous_8)","decl":{"start":{"line":80,"column":38},"end":{"line":80,"column":39}},"loc":{"start":{"line":80,"column":58},"end":{"line":92,"column":1}},"line":80},"9":{"name":"(anonymous_9)","decl":{"start":{"line":159,"column":17},"end":{"line":159,"column":18}},"loc":{"start":{"line":159,"column":23},"end":{"line":161,"column":1}},"line":159}},"branchMap":{},"s":{"0":1,"1":1,"2":1,"3":1,"4":1,"5":1,"6":1,"7":0,"8":1,"9":0,"10":1,"11":1,"12":1,"13":1,"14":0,"15":1,"16":0,"17":0,"18":0,"19":0,"20":0,"21":0,"22":0,"23":1,"24":1,"25":1,"26":1,"27":1,"28":2,"29":1,"30":0,"31":1,"32":0,"33":0,"34":0,"35":0,"36":0,"37":1,"38":1,"39":1},"f":{"0":1,"1":0,"2":0,"3":1,"4":0,"5":0,"6":1,"7":2,"8":0,"9":1},"b":{},"_coverageSchema":"1a1c01bbd47fc00a2c39e90264f33305004495a9","hash":"6b5790d911e26c2ae6d54d0eb034ff3f1025293b"}
}
