TN:
SF:ejemplos.js
FN:1,esStringVacio
FN:5,mayuscula
FN:9,borrarAtributo
FN:13,interseccion
FN:26,barajarArreglo
FN:27,(anonymous_5)
FNF:6
FNH:6
FNDA:2,esStringVacio
FNDA:1,mayuscula
FNDA:1,borrarAtributo
FNDA:3,interseccion
FNDA:1,barajarArreglo
FNDA:5,(anonymous_5)
DA:2,2
DA:6,1
DA:10,1
DA:14,3
DA:15,3
DA:16,14
DA:17,10
DA:18,6
DA:23,3
DA:27,5
DA:30,1
LF:11
LH:11
BRDA:16,0,0,10
BRDA:16,0,1,4
BRDA:17,1,0,6
BRDA:17,1,1,4
BRDA:17,2,0,10
BRDA:17,2,1,6
BRF:6
BRH:6
end_of_record
TN:
SF:index.js
FN:24,(anonymous_0)
FN:28,(anonymous_1)
FN:32,(anonymous_2)
FN:36,(anonymous_3)
FN:48,(anonymous_4)
FN:55,(anonymous_5)
FN:63,(anonymous_6)
FN:71,(anonymous_7)
FN:80,(anonymous_8)
FN:159,(anonymous_9)
FNF:10
FNH:5
FNDA:1,(anonymous_0)
FNDA:0,(anonymous_1)
FNDA:0,(anonymous_2)
FNDA:1,(anonymous_3)
FNDA:0,(anonymous_4)
FNDA:0,(anonymous_5)
FNDA:1,(anonymous_6)
FNDA:2,(anonymous_7)
FNDA:0,(anonymous_8)
FNDA:1,(anonymous_9)
DA:1,1
DA:2,1
DA:4,1
DA:8,1
DA:24,1
DA:25,1
DA:28,1
DA:29,0
DA:32,1
DA:33,0
DA:36,1
DA:37,1
DA:38,1
DA:42,1
DA:44,0
DA:48,1
DA:49,0
DA:50,0
DA:51,0
DA:55,0
DA:57,0
DA:59,0
DA:63,1
DA:64,1
DA:65,1
DA:66,1
DA:70,1
DA:71,2
DA:74,1
DA:76,0
DA:80,1
DA:81,0
DA:82,0
DA:84,0
DA:88,0
DA:90,0
DA:159,1
DA:160,1
DA:163,1
LF:39
LH:24
BRF:0
BRH:0
end_of_record
